<?xml version="1.0" encoding="UTF-8"?>
<testng-results skipped="0" failed="0" ignored="0" total="1" passed="1">
  <reporter-output>
  </reporter-output>
  <suite name="Default suite" duration-ms="2321" started-at="2020-04-12T15:09:56Z" finished-at="2020-04-12T15:09:58Z">
    <groups>
    </groups>
    <test name="Default test" duration-ms="2321" started-at="2020-04-12T15:09:56Z" finished-at="2020-04-12T15:09:58Z">
      <class name="com.restassured.tests.OAuth_Preemptive_Method2">
        <test-method status="PASS" signature="setup()[pri:0, instance:com.restassured.tests.OAuth_Preemptive_Method2@8bd1b6a]" name="setup" is-config="true" duration-ms="402" started-at="2020-04-12T15:09:56Z" finished-at="2020-04-12T15:09:56Z">
          <reporter-output>
          </reporter-output>
        </test-method> <!-- setup -->
        <test-method status="PASS" signature="beforeTestMethod()[pri:0, instance:com.restassured.tests.OAuth_Preemptive_Method2@8bd1b6a]" name="beforeTestMethod" is-config="true" duration-ms="0" started-at="2020-04-12T15:09:56Z" depends-on-methods="com.restassured.tests.BaseClass.setup" finished-at="2020-04-12T15:09:56Z">
          <reporter-output>
          </reporter-output>
        </test-method> <!-- beforeTestMethod -->
        <test-method status="PASS" signature="authenticationMethod()[pri:0, instance:com.restassured.tests.OAuth_Preemptive_Method2@8bd1b6a]" name="authenticationMethod" duration-ms="1892" started-at="2020-04-12T15:09:56Z" finished-at="2020-04-12T15:09:58Z">
          <reporter-output>
          </reporter-output>
        </test-method> <!-- authenticationMethod -->
      </class> <!-- com.restassured.tests.OAuth_Preemptive_Method2 -->
    </test> <!-- Default test -->
  </suite> <!-- Default suite -->
</testng-results>
